<?xml version="1.0" encoding="UTF-8"?>
<!-- Generated by org.testng.reporters.JUnitReportReporter -->
<testsuite hostname="dru" failures="0" tests="3" name="tests.tests" time="95.611" errors="0" timestamp="2021-05-21T10:22:45 EAT" skipped="0">
  <testcase classname="tests.tests" name="phoneNumberValidation" time="3.463"/>
  <system-out/>
  <testcase classname="tests.tests" name="pinNumberValidation" time="3.489"/>
  <system-out/>
  <testcase classname="tests.tests" name="createSupplier" time="88.659"/>
  <system-out/>
</testsuite> <!-- tests.tests -->
